2023-04-14T04:12:51.913Z - info: Website generation (lazy) started at 12:12:43 pm
2023-04-14T04:13:05.768Z - info: Building assets...
2023-04-14T04:13:16.227Z - info: Assets built
2023-04-14T04:13:16.228Z - info: Generating landing page...
2023-04-14T04:13:17.431Z - info: Landing page built, other pages will be built as you navigate to them!
2023-04-14T04:13:18.788Z - info: Site data built
2023-04-14T04:13:18.788Z - info: Website generation (lazy) complete! Total build time: 34.893s
2023-04-14T04:13:19.722Z - info: Serving "C:\repos\nus-cs2103\cs2103-website-base\_site" at http://127.0.0.1:8080
2023-04-14T04:13:19.723Z - info: Press CTRL+C to stop ...
2023-04-14T04:13:22.267Z - info: [12:13:22 pm] Reload for file change: C:\repos\nus-cs2103\cs2103-website-base\admin\tp-ped-fragment.md
2023-04-14T04:13:22.268Z - info: Synchronizing opened pages list before reload
2023-04-14T04:13:22.269Z - info: No pages are currently opened
2023-04-14T04:13:24.627Z - info: Assets built
2023-04-14T04:13:45.211Z - info: [12:13:45 pm] Reload for file change: C:\repos\nus-cs2103\cs2103-website-base\admin\tp-ped-fragment.md
2023-04-14T04:13:45.212Z - info: Synchronizing opened pages list before reload
2023-04-14T04:13:45.213Z - info: Current opened pages, from most-to-least recent:
2023-04-14T04:13:45.213Z - info: 1. index
2023-04-14T04:13:46.224Z - info: Assets built
2023-04-14T04:13:46.272Z - info: Building C:\repos\nus-cs2103\cs2103-website-base\admin\tp-pe as some of its dependencies were changed since the last visit
2023-04-14T04:13:47.896Z - info: Site data built
2023-04-14T04:13:47.897Z - info: Lazy website regeneration complete! Total build time: 1.627s
2023-04-14T04:14:22.419Z - info: [12:14:22 pm] Reload for file change: C:\repos\nus-cs2103\cs2103-website-base\admin\tp-ped-fragment.md
2023-04-14T04:14:22.420Z - info: Synchronizing opened pages list before reload
2023-04-14T04:14:22.420Z - info: Current opened pages, from most-to-least recent:
2023-04-14T04:14:22.421Z - info: 1. admin/tp-pe
2023-04-14T04:14:23.425Z - info: Rebuilding 1 pages
2023-04-14T04:14:24.790Z - info: Site data built
2023-04-14T04:14:24.791Z - info: Pages rebuilt
2023-04-14T04:14:24.791Z - info: Website regeneration complete! Total build time: 1.367s
2023-04-14T04:15:02.981Z - info: [12:15:02 pm] Reload for file change: C:\repos\nus-cs2103\cs2103-website-base\admin\tp-ped-fragment.md
2023-04-14T04:15:02.981Z - info: Synchronizing opened pages list before reload
2023-04-14T04:15:02.982Z - info: Current opened pages, from most-to-least recent:
2023-04-14T04:15:02.982Z - info: 1. admin/tp-pe
2023-04-14T04:15:03.990Z - info: Rebuilding 1 pages
2023-04-14T04:15:04.759Z - info: Site data built
2023-04-14T04:15:04.760Z - info: Pages rebuilt
2023-04-14T04:15:04.760Z - info: Website regeneration complete! Total build time: 0.771s
2023-04-14T04:16:28.462Z - info: [12:16:28 pm] Reload for file change: C:\repos\nus-cs2103\cs2103-website-base\admin\tp-pe-fragment.md
2023-04-14T04:16:28.463Z - info: Synchronizing opened pages list before reload
2023-04-14T04:16:28.464Z - info: Current opened pages, from most-to-least recent:
2023-04-14T04:16:28.464Z - info: 1. admin/tp-pe
2023-04-14T04:16:29.479Z - info: Rebuilding 1 pages
2023-04-14T04:16:30.597Z - info: Site data built
2023-04-14T04:16:30.597Z - info: Pages rebuilt
2023-04-14T04:16:30.597Z - info: Website regeneration complete! Total build time: 1.119s
2023-04-14T04:17:29.444Z - info: [12:17:29 pm] Reload for file change: C:\repos\nus-cs2103\cs2103-website-base\admin\tp-pe-fragment.md
2023-04-14T04:17:29.444Z - info: Synchronizing opened pages list before reload
2023-04-14T04:17:29.445Z - info: Current opened pages, from most-to-least recent:
2023-04-14T04:17:29.445Z - info: 1. admin/tp-pe
2023-04-14T04:17:30.461Z - info: Rebuilding 1 pages
2023-04-14T04:17:31.201Z - info: Site data built
2023-04-14T04:17:31.201Z - info: Pages rebuilt
2023-04-14T04:17:31.201Z - info: Website regeneration complete! Total build time: 0.74s
2023-04-14T10:21:22.679Z - info: Website generation (lazy) started at 6:21:18 pm
2023-04-14T10:21:40.213Z - info: Building assets...
2023-04-14T10:21:54.190Z - info: Assets built
2023-04-14T10:21:54.191Z - info: Generating landing page...
2023-04-14T10:21:56.250Z - info: Landing page built, other pages will be built as you navigate to them!
2023-04-14T10:21:58.122Z - info: Site data built
2023-04-14T10:21:58.122Z - info: Website generation (lazy) complete! Total build time: 39.226s
2023-04-14T10:22:00.004Z - info: Serving "C:\repos\nus-cs2103\cs2103-website-base\_site" at http://127.0.0.1:8080
2023-04-14T10:22:00.005Z - info: Press CTRL+C to stop ...
2023-04-14T10:22:13.313Z - info: Building C:\repos\nus-cs2103\cs2103-website-base\admin\tp-pe as some of its dependencies were changed since the last visit
2023-04-14T10:22:34.225Z - info: Site data built
2023-04-14T10:22:34.227Z - info: Lazy website regeneration complete! Total build time: 20.914s
2023-04-14T10:24:08.762Z - info: [6:24:08 pm] Reload for file change: C:\repos\nus-cs2103\cs2103-website-base\admin\tp-pe-fragment.md
2023-04-14T10:24:08.764Z - info: Synchronizing opened pages list before reload
2023-04-14T10:24:08.766Z - info: Current opened pages, from most-to-least recent:
2023-04-14T10:24:08.769Z - info: 1. admin/tp-pe
2023-04-14T10:24:09.776Z - info: Rebuilding 1 pages
2023-04-14T10:24:11.362Z - info: Site data built
2023-04-14T10:24:11.363Z - info: Pages rebuilt
2023-04-14T10:24:11.364Z - info: Website regeneration complete! Total build time: 1.589s
2023-04-14T10:25:28.537Z - info: [6:25:28 pm] Reload for file change: C:\repos\nus-cs2103\cs2103-website-base\admin\tp-ped-fragment.md
2023-04-14T10:25:28.538Z - info: Synchronizing opened pages list before reload
2023-04-14T10:25:28.538Z - info: Current opened pages, from most-to-least recent:
2023-04-14T10:25:28.539Z - info: 1. admin/tp-pe
2023-04-14T10:25:29.552Z - info: Rebuilding 1 pages
2023-04-14T10:25:30.851Z - info: Site data built
2023-04-14T10:25:30.852Z - info: Pages rebuilt
2023-04-14T10:25:30.852Z - info: Website regeneration complete! Total build time: 1.301s
2023-04-14T10:27:40.714Z - info: [6:27:40 pm] Reload for file change: C:\repos\nus-cs2103\cs2103-website-base\admin\tp-pe-fragment.md
2023-04-14T10:27:40.715Z - info: Synchronizing opened pages list before reload
2023-04-14T10:27:40.715Z - info: Current opened pages, from most-to-least recent:
2023-04-14T10:27:40.715Z - info: 1. admin/tp-pe
2023-04-14T10:27:41.727Z - info: Rebuilding 1 pages
2023-04-14T10:27:43.148Z - info: Site data built
2023-04-14T10:27:43.150Z - info: Pages rebuilt
2023-04-14T10:27:43.150Z - info: Website regeneration complete! Total build time: 1.424s
2023-04-14T10:32:52.139Z - info: [6:32:52 pm] Reload for file change: C:\repos\nus-cs2103\cs2103-website-base\admin\tp-pe-fragment.md
2023-04-14T10:32:52.140Z - info: Synchronizing opened pages list before reload
2023-04-14T10:32:52.141Z - info: Current opened pages, from most-to-least recent:
2023-04-14T10:32:52.141Z - info: 1. admin/tp-pe
2023-04-14T10:32:53.150Z - info: Rebuilding 1 pages
2023-04-14T10:32:54.452Z - info: Site data built
2023-04-14T10:32:54.453Z - info: Pages rebuilt
2023-04-14T10:32:54.453Z - info: Website regeneration complete! Total build time: 1.304s
2023-04-14T10:36:55.333Z - info: [6:36:55 pm] Reload for file change: C:\repos\nus-cs2103\cs2103-website-base\admin\tp-pe-fragment.md
2023-04-14T10:36:55.334Z - info: Synchronizing opened pages list before reload
2023-04-14T10:36:55.336Z - info: Current opened pages, from most-to-least recent:
2023-04-14T10:36:55.337Z - info: 1. admin/tp-pe
2023-04-14T10:36:56.352Z - info: Rebuilding 1 pages
2023-04-14T10:36:58.160Z - info: Site data built
2023-04-14T10:36:58.162Z - info: Pages rebuilt
2023-04-14T10:36:58.163Z - info: Website regeneration complete! Total build time: 1.812s
2023-04-14T10:37:08.616Z - info: [6:37:08 pm] Reload for file change: C:\repos\nus-cs2103\cs2103-website-base\admin\tp-pe-fragment.md
2023-04-14T10:37:08.616Z - info: Synchronizing opened pages list before reload
2023-04-14T10:37:08.617Z - info: Current opened pages, from most-to-least recent:
2023-04-14T10:37:08.617Z - info: 1. admin/tp-pe
2023-04-14T10:37:09.635Z - info: Rebuilding 1 pages
2023-04-14T10:37:10.404Z - info: Site data built
2023-04-14T10:37:10.404Z - info: Pages rebuilt
2023-04-14T10:37:10.405Z - info: Website regeneration complete! Total build time: 0.771s
2023-04-14T10:41:26.374Z - info: [6:41:26 pm] Reload for file change: C:\repos\nus-cs2103\cs2103-website-base\admin\tp-pe-fragment.md
2023-04-14T10:41:26.375Z - info: Synchronizing opened pages list before reload
2023-04-14T10:41:26.375Z - info: Current opened pages, from most-to-least recent:
2023-04-14T10:41:26.376Z - info: 1. admin/tp-pe
2023-04-14T10:41:27.393Z - info: Rebuilding 1 pages
2023-04-14T10:41:28.691Z - info: Site data built
2023-04-14T10:41:28.692Z - info: Pages rebuilt
2023-04-14T10:41:28.692Z - info: Website regeneration complete! Total build time: 1.3s
2023-04-14T11:24:00.514Z - info: [7:24:00 pm] Reload for file change: C:\repos\nus-cs2103\cs2103-website-base\admin\tp-pe-fragment.md
2023-04-14T11:24:00.515Z - info: Synchronizing opened pages list before reload
2023-04-14T11:24:00.516Z - info: Current opened pages, from most-to-least recent:
2023-04-14T11:24:00.516Z - info: 1. admin/tp-pe
2023-04-14T11:24:01.525Z - info: Rebuilding 1 pages
2023-04-14T11:24:02.488Z - info: Site data built
2023-04-14T11:24:02.488Z - info: Pages rebuilt
2023-04-14T11:24:02.489Z - info: Website regeneration complete! Total build time: 0.965s
2023-04-14T11:31:21.384Z - info: [7:31:21 pm] Reload for file change: C:\repos\nus-cs2103\cs2103-website-base\admin\tp-pe-bug-triaging-guidelines-fragment.md
2023-04-14T11:31:21.385Z - info: Synchronizing opened pages list before reload
2023-04-14T11:31:21.387Z - info: Current opened pages, from most-to-least recent:
2023-04-14T11:31:21.388Z - info: 1. admin/tp-pe
2023-04-14T11:31:22.404Z - info: Rebuilding 1 pages
2023-04-14T11:31:23.410Z - info: Site data built
2023-04-14T11:31:23.410Z - info: Pages rebuilt
2023-04-14T11:31:23.411Z - info: Website regeneration complete! Total build time: 1.008s
2023-04-14T11:33:14.776Z - info: [7:33:14 pm] Reload for file change: C:\repos\nus-cs2103\cs2103-website-base\admin\tp-pe-bug-triaging-guidelines-fragment.md
2023-04-14T11:33:14.777Z - info: Synchronizing opened pages list before reload
2023-04-14T11:33:14.778Z - info: Current opened pages, from most-to-least recent:
2023-04-14T11:33:14.778Z - info: 1. admin/tp-pe
2023-04-14T11:33:15.795Z - info: Rebuilding 1 pages
2023-04-14T11:33:16.824Z - info: Site data built
2023-04-14T11:33:16.824Z - info: Pages rebuilt
2023-04-14T11:33:16.825Z - info: Website regeneration complete! Total build time: 1.031s
2023-04-14T11:36:30.608Z - info: [7:36:30 pm] Reload for file change: C:\repos\nus-cs2103\cs2103-website-base\admin\tp-pe-bug-triaging-guidelines-fragment.md
2023-04-14T11:36:30.609Z - info: Synchronizing opened pages list before reload
2023-04-14T11:36:30.609Z - info: Current opened pages, from most-to-least recent:
2023-04-14T11:36:30.610Z - info: 1. admin/tp-pe
2023-04-14T11:36:31.628Z - info: Rebuilding 1 pages
2023-04-14T11:36:32.439Z - info: Site data built
2023-04-14T11:36:32.440Z - info: Pages rebuilt
2023-04-14T11:36:32.440Z - info: Website regeneration complete! Total build time: 0.813s
2023-04-14T11:46:44.428Z - info: [7:46:44 pm] Reload for file change: C:\repos\nus-cs2103\cs2103-website-base\admin\tp-pe-bug-triaging-guidelines-fragment.md
2023-04-14T11:46:44.429Z - info: Synchronizing opened pages list before reload
2023-04-14T11:46:44.430Z - info: Current opened pages, from most-to-least recent:
2023-04-14T11:46:44.430Z - info: 1. admin/tp-pe
2023-04-14T11:46:45.437Z - info: Rebuilding 1 pages
2023-04-14T11:46:46.588Z - info: Site data built
2023-04-14T11:46:46.588Z - info: Pages rebuilt
2023-04-14T11:46:46.589Z - info: Website regeneration complete! Total build time: 1.152s
2023-04-14T11:50:40.644Z - info: [7:50:40 pm] Reload for file change: C:\repos\nus-cs2103\cs2103-website-base\admin\tp-pe-fragment.md
2023-04-14T11:50:40.645Z - info: Synchronizing opened pages list before reload
2023-04-14T11:50:40.646Z - info: Current opened pages, from most-to-least recent:
2023-04-14T11:50:40.646Z - info: 1. admin/tp-pe
2023-04-14T11:50:41.656Z - info: Rebuilding 1 pages
2023-04-14T11:50:42.256Z - info: Site data built
2023-04-14T11:50:42.256Z - info: Pages rebuilt
2023-04-14T11:50:42.257Z - info: Website regeneration complete! Total build time: 0.602s
2023-04-14T11:50:51.597Z - info: [7:50:51 pm] Reload for file change: C:\repos\nus-cs2103\cs2103-website-base\admin\tp-pe-fragment.md
2023-04-14T11:50:51.597Z - info: Synchronizing opened pages list before reload
2023-04-14T11:50:51.597Z - info: Current opened pages, from most-to-least recent:
2023-04-14T11:50:51.598Z - info: 1. admin/tp-pe
2023-04-14T11:50:52.602Z - info: Rebuilding 1 pages
2023-04-14T11:50:53.028Z - info: Site data built
2023-04-14T11:50:53.028Z - info: Pages rebuilt
2023-04-14T11:50:53.029Z - info: Website regeneration complete! Total build time: 0.426s
2023-04-14T11:52:15.114Z - info: [7:52:15 pm] Reload for file change: C:\repos\nus-cs2103\cs2103-website-base\admin\tp-pe-fragment.md
2023-04-14T11:52:15.115Z - info: Synchronizing opened pages list before reload
2023-04-14T11:52:15.115Z - info: Current opened pages, from most-to-least recent:
2023-04-14T11:52:15.116Z - info: 1. admin/tp-pe
2023-04-14T11:52:16.126Z - info: Rebuilding 1 pages
2023-04-14T11:52:17.025Z - info: Site data built
2023-04-14T11:52:17.026Z - info: Pages rebuilt
2023-04-14T11:52:17.026Z - info: Website regeneration complete! Total build time: 0.901s
2023-04-14T11:53:17.888Z - info: [7:53:17 pm] Reload for file change: C:\repos\nus-cs2103\cs2103-website-base\admin\tp-pe-fragment.md
2023-04-14T11:53:17.889Z - info: Synchronizing opened pages list before reload
2023-04-14T11:53:17.889Z - info: Current opened pages, from most-to-least recent:
2023-04-14T11:53:17.889Z - info: 1. admin/tp-pe
2023-04-14T11:53:18.895Z - info: Rebuilding 1 pages
2023-04-14T11:53:19.925Z - info: Site data built
2023-04-14T11:53:19.925Z - info: Pages rebuilt
2023-04-14T11:53:19.925Z - info: Website regeneration complete! Total build time: 1.031s
2023-04-14T13:24:05.288Z - info: [9:24:05 pm] Reload for file change: C:\repos\nus-cs2103\cs2103-website-base\_module-CS2103\studentData-fragment.md
2023-04-14T13:24:05.295Z - info: Synchronizing opened pages list before reload
2023-04-14T13:24:05.299Z - info: Current opened pages, from most-to-least recent:
2023-04-14T13:24:05.299Z - info: 1. admin/tp-pe
2023-04-14T13:24:06.330Z - info: No pages needed to be rebuilt
2023-04-14T13:39:59.061Z - info: Website generation started at 9:39:56 pm
2023-04-14T13:40:14.381Z - info: Building assets...
