2023-04-04T16:11:08.386Z - info: Website generation (lazy) started at 12:11:04 am
2023-04-04T16:11:19.765Z - info: Building assets...
2023-04-04T16:11:27.107Z - info: Assets built
2023-04-04T16:11:27.108Z - info: Generating landing page...
2023-04-04T16:11:28.078Z - info: Landing page built, other pages will be built as you navigate to them!
2023-04-04T16:11:29.044Z - info: Site data built
2023-04-04T16:11:29.044Z - info: Website generation (lazy) complete! Total build time: 25.025s
2023-04-04T16:11:29.931Z - info: Serving "C:\repos\nus-cs2103\cs2103-website-base\_site" at http://127.0.0.1:8080
2023-04-04T16:11:29.931Z - info: Press CTRL+C to stop ...
2023-04-04T16:27:54.887Z - info: Building C:\repos\nus-cs2103\cs2103-website-base\admin\index as some of its dependencies were changed since the last visit
2023-04-04T16:27:55.644Z - info: Site data built
2023-04-04T16:27:55.645Z - info: Lazy website regeneration complete! Total build time: 0.758s
2023-04-04T16:27:59.988Z - info: Building C:\repos\nus-cs2103\cs2103-website-base\admin\exams as some of its dependencies were changed since the last visit
2023-04-04T16:28:00.321Z - info: Site data built
2023-04-04T16:28:00.322Z - info: Lazy website regeneration complete! Total build time: 0.335s
2023-04-04T16:40:07.198Z - info: [12:40:07 am] Reload for file change: C:\repos\nus-cs2103\cs2103-website-base\admin\exams.md
2023-04-04T16:40:07.198Z - info: Synchronizing opened pages list before reload
2023-04-04T16:40:07.199Z - info: Current opened pages, from most-to-least recent:
2023-04-04T16:40:07.199Z - info: 1. admin/exams
2023-04-04T16:40:08.212Z - info: Rebuilding 1 pages
2023-04-04T16:40:08.420Z - info: Site data built
2023-04-04T16:40:08.421Z - info: Pages rebuilt
2023-04-04T16:40:08.421Z - info: Website regeneration complete! Total build time: 0.21s
2023-04-04T16:41:03.102Z - info: [12:41:03 am] Reload for file change: C:\repos\nus-cs2103\cs2103-website-base\admin\exams.md
2023-04-04T16:41:03.102Z - info: Synchronizing opened pages list before reload
2023-04-04T16:41:03.102Z - info: Current opened pages, from most-to-least recent:
2023-04-04T16:41:03.102Z - info: 1. admin/exams
2023-04-04T16:41:04.109Z - info: Rebuilding 1 pages
2023-04-04T16:41:04.316Z - info: Site data built
2023-04-04T16:41:04.316Z - info: Pages rebuilt
2023-04-04T16:41:04.316Z - info: Website regeneration complete! Total build time: 0.208s
2023-04-04T16:43:02.820Z - info: [12:43:02 am] Reload for file change: C:\repos\nus-cs2103\cs2103-website-base\admin\exams.md
2023-04-04T16:43:02.820Z - info: Synchronizing opened pages list before reload
2023-04-04T16:43:02.820Z - info: Current opened pages, from most-to-least recent:
2023-04-04T16:43:02.820Z - info: 1. admin/exams
2023-04-04T16:43:03.832Z - info: Rebuilding 1 pages
2023-04-04T16:43:04.129Z - info: Site data built
2023-04-04T16:43:04.129Z - info: Pages rebuilt
2023-04-04T16:43:04.129Z - info: Website regeneration complete! Total build time: 0.298s
2023-04-04T16:46:26.198Z - info: [12:46:26 am] Reload for file change: C:\repos\nus-cs2103\cs2103-website-base\admin\exams.md
2023-04-04T16:46:26.199Z - info: Synchronizing opened pages list before reload
2023-04-04T16:46:26.200Z - info: Current opened pages, from most-to-least recent:
2023-04-04T16:46:26.200Z - info: 1. admin/exams
2023-04-04T16:46:27.207Z - info: Rebuilding 1 pages
2023-04-04T16:46:27.506Z - info: Site data built
2023-04-04T16:46:27.506Z - info: Pages rebuilt
2023-04-04T16:46:27.506Z - info: Website regeneration complete! Total build time: 0.3s
2023-04-04T16:49:28.767Z - info: [12:49:28 am] Reload for file change: C:\repos\nus-cs2103\cs2103-website-base\admin\exams.md
2023-04-04T16:49:28.768Z - info: Synchronizing opened pages list before reload
2023-04-04T16:49:28.768Z - info: Current opened pages, from most-to-least recent:
2023-04-04T16:49:28.768Z - info: 1. admin/exams
2023-04-04T16:49:29.780Z - info: Rebuilding 1 pages
2023-04-04T16:49:30.071Z - info: Site data built
2023-04-04T16:49:30.071Z - info: Pages rebuilt
2023-04-04T16:49:30.071Z - info: Website regeneration complete! Total build time: 0.292s
2023-04-04T17:06:07.130Z - info: Website generation started at 1:06:04 am
2023-04-04T17:06:23.338Z - info: Building assets...
