2023-02-26T16:54:58.473Z - info: [12:54:58 am] Reload for file change: C:\repos\nus-cs2103\cs2103-website-base\_module-CS2103\mid-semester-survey-results.md
2023-02-26T16:54:58.500Z - info: Synchronizing opened pages list before reload
2023-02-26T16:54:58.503Z - info: Current opened pages, from most-to-least recent:
2023-02-26T16:54:58.504Z - info: 1. admin/mid-semester-survey-results
2023-02-26T16:54:59.526Z - info: Rebuilding 1 pages
2023-02-26T16:55:00.519Z - info: Site data built
2023-02-26T16:55:00.520Z - info: Pages rebuilt
2023-02-26T16:55:00.520Z - info: Website regeneration complete! Total build time: 1.005s
2023-02-26T16:55:49.811Z - info: [12:55:49 am] Reload for file change: C:\repos\nus-cs2103\cs2103-website-base\_module-CS2103\mid-semester-survey-results.md
2023-02-26T16:55:49.811Z - info: Synchronizing opened pages list before reload
2023-02-26T16:55:49.812Z - info: Current opened pages, from most-to-least recent:
2023-02-26T16:55:49.812Z - info: 1. admin/mid-semester-survey-results
2023-02-26T16:55:50.822Z - info: Rebuilding 1 pages
2023-02-26T16:55:51.205Z - info: Site data built
2023-02-26T16:55:51.205Z - info: Pages rebuilt
2023-02-26T16:55:51.206Z - info: Website regeneration complete! Total build time: 0.386s
2023-02-26T16:57:16.952Z - info: [12:57:16 am] Reload for file change: C:\repos\nus-cs2103\cs2103-website-base\_module-CS2103\mid-semester-survey-results.md
2023-02-26T16:57:16.953Z - info: Synchronizing opened pages list before reload
2023-02-26T16:57:16.953Z - info: Current opened pages, from most-to-least recent:
2023-02-26T16:57:16.954Z - info: 1. admin/mid-semester-survey-results
2023-02-26T16:57:17.967Z - info: Rebuilding 1 pages
2023-02-26T16:57:18.242Z - info: Site data built
2023-02-26T16:57:18.242Z - info: Pages rebuilt
2023-02-26T16:57:18.243Z - info: Website regeneration complete! Total build time: 0.277s
2023-02-26T16:59:50.267Z - info: [12:59:50 am] Reload for file change: C:\repos\nus-cs2103\cs2103-website-base\_module-CS2103\mid-semester-survey-results.md
2023-02-26T16:59:50.269Z - info: Synchronizing opened pages list before reload
2023-02-26T16:59:50.270Z - info: Current opened pages, from most-to-least recent:
2023-02-26T16:59:50.270Z - info: 1. admin/mid-semester-survey-results
2023-02-26T16:59:51.284Z - info: Rebuilding 1 pages
2023-02-26T16:59:51.509Z - info: Site data built
2023-02-26T16:59:51.509Z - info: Pages rebuilt
2023-02-26T16:59:51.510Z - info: Website regeneration complete! Total build time: 0.226s
2023-02-26T17:01:19.290Z - info: [1:01:19 am] Reload for file change: C:\repos\nus-cs2103\cs2103-website-base\_module-CS2103\mid-semester-survey-results.md
2023-02-26T17:01:19.291Z - info: Synchronizing opened pages list before reload
2023-02-26T17:01:19.291Z - info: Current opened pages, from most-to-least recent:
2023-02-26T17:01:19.292Z - info: 1. admin/mid-semester-survey-results
2023-02-26T17:01:20.306Z - info: Rebuilding 1 pages
2023-02-26T17:01:20.576Z - info: Site data built
2023-02-26T17:01:20.576Z - info: Pages rebuilt
2023-02-26T17:01:20.577Z - info: Website regeneration complete! Total build time: 0.272s
2023-02-26T17:05:27.748Z - info: [1:05:27 am] Reload for file change: C:\repos\nus-cs2103\cs2103-website-base\_module-CS2103\mid-semester-survey-results.md
2023-02-26T17:05:27.748Z - info: Synchronizing opened pages list before reload
2023-02-26T17:05:27.749Z - info: Current opened pages, from most-to-least recent:
2023-02-26T17:05:27.749Z - info: 1. admin/mid-semester-survey-results
2023-02-26T17:05:28.752Z - info: Rebuilding 1 pages
2023-02-26T17:05:29.010Z - info: Site data built
2023-02-26T17:05:29.010Z - info: Pages rebuilt
2023-02-26T17:05:29.011Z - info: Website regeneration complete! Total build time: 0.259s
2023-02-26T17:06:31.567Z - info: [1:06:31 am] Reload for file change: C:\repos\nus-cs2103\cs2103-website-base\_module-CS2103\mid-semester-survey-results.md
2023-02-26T17:06:31.569Z - info: Synchronizing opened pages list before reload
2023-02-26T17:06:31.569Z - info: Current opened pages, from most-to-least recent:
2023-02-26T17:06:31.569Z - info: 1. admin/mid-semester-survey-results
2023-02-26T17:06:32.580Z - info: Rebuilding 1 pages
2023-02-26T17:06:32.826Z - info: Site data built
2023-02-26T17:06:32.827Z - info: Pages rebuilt
2023-02-26T17:06:32.828Z - info: Website regeneration complete! Total build time: 0.248s
2023-02-26T17:09:08.523Z - info: [1:09:08 am] Reload for file change: C:\repos\nus-cs2103\cs2103-website-base\_module-CS2103\mid-semester-survey-results.md
2023-02-26T17:09:08.524Z - info: Synchronizing opened pages list before reload
2023-02-26T17:09:08.525Z - info: Current opened pages, from most-to-least recent:
2023-02-26T17:09:08.525Z - info: 1. admin/mid-semester-survey-results
2023-02-26T17:09:09.528Z - info: Rebuilding 1 pages
2023-02-26T17:09:09.911Z - info: Site data built
2023-02-26T17:09:09.911Z - info: Pages rebuilt
2023-02-26T17:09:09.911Z - info: Website regeneration complete! Total build time: 0.384s
2023-02-26T17:13:47.652Z - info: [1:13:47 am] Reload for file change: C:\repos\nus-cs2103\cs2103-website-base\_module-CS2103\mid-semester-survey-results.md
2023-02-26T17:13:47.652Z - info: Synchronizing opened pages list before reload
2023-02-26T17:13:47.653Z - info: Current opened pages, from most-to-least recent:
2023-02-26T17:13:47.653Z - info: 1. admin/mid-semester-survey-results
2023-02-26T17:13:48.685Z - info: Rebuilding 1 pages
2023-02-26T17:13:49.114Z - info: Site data built
2023-02-26T17:13:49.114Z - info: Pages rebuilt
2023-02-26T17:13:49.115Z - info: Website regeneration complete! Total build time: 0.431s
2023-02-26T17:16:06.681Z - info: [1:16:06 am] Reload for file change: C:\repos\nus-cs2103\cs2103-website-base\_module-CS2103\mid-semester-survey-results.md
2023-02-26T17:16:06.683Z - info: Synchronizing opened pages list before reload
2023-02-26T17:16:06.683Z - info: Current opened pages, from most-to-least recent:
2023-02-26T17:16:06.683Z - info: 1. admin/mid-semester-survey-results
2023-02-26T17:16:07.692Z - info: Rebuilding 1 pages
2023-02-26T17:16:07.980Z - info: Site data built
2023-02-26T17:16:07.981Z - info: Pages rebuilt
2023-02-26T17:16:07.981Z - info: Website regeneration complete! Total build time: 0.29s
2023-02-26T17:18:00.619Z - info: [1:18:00 am] Reload for file change: C:\repos\nus-cs2103\cs2103-website-base\_module-CS2103\mid-semester-survey-results.md
2023-02-26T17:18:00.620Z - info: Synchronizing opened pages list before reload
2023-02-26T17:18:00.620Z - info: Current opened pages, from most-to-least recent:
2023-02-26T17:18:00.620Z - info: 1. admin/mid-semester-survey-results
2023-02-26T17:18:01.625Z - info: Rebuilding 1 pages
2023-02-26T17:18:01.834Z - info: Site data built
2023-02-26T17:18:01.835Z - info: Pages rebuilt
2023-02-26T17:18:01.835Z - info: Website regeneration complete! Total build time: 0.211s
2023-02-26T17:21:09.290Z - info: [1:21:09 am] Reload for file change: C:\repos\nus-cs2103\cs2103-website-base\_module-CS2103\mid-semester-survey-results.md
2023-02-26T17:21:09.293Z - info: Synchronizing opened pages list before reload
2023-02-26T17:21:09.293Z - info: Current opened pages, from most-to-least recent:
2023-02-26T17:21:09.293Z - info: 1. admin/mid-semester-survey-results
2023-02-26T17:21:10.307Z - info: Rebuilding 1 pages
2023-02-26T17:21:10.551Z - info: Site data built
2023-02-26T17:21:10.551Z - info: Pages rebuilt
2023-02-26T17:21:10.552Z - info: Website regeneration complete! Total build time: 0.246s
2023-02-26T17:21:16.008Z - info: Building C:\repos\nus-cs2103\cs2103-website-base\schedule\week8\index as some of its dependencies were changed since the last visit
2023-02-26T17:21:17.845Z - info: Site data built
2023-02-26T17:21:17.847Z - info: Lazy website regeneration complete! Total build time: 1.839s
2023-02-26T17:28:08.201Z - info: Website generation started at 1:28:04 am
2023-02-26T17:28:27.902Z - info: Building assets...
