2023-03-16T16:11:02.498Z - info: The website has been deployed at: https://nus-tic4002-ay2223s2.github.io/website
2023-03-17T05:03:33.019Z - info: Website generation started at 1:03:26 pm
2023-03-17T05:03:46.774Z - info: Building assets...
2023-03-17T05:03:55.430Z - info: Assets built
2023-03-17T05:03:55.431Z - info: Generating pages...
2023-03-17T05:04:10.979Z - debug:  
2023-03-17T05:04:11.202Z - debug:  
2023-03-17T05:04:11.356Z - debug:  
2023-03-17T05:04:11.357Z - debug:  
2023-03-17T05:04:14.388Z - debug:  
2023-03-17T05:04:14.449Z - debug:  
2023-03-17T05:04:14.450Z - debug:  
2023-03-17T05:04:14.450Z - debug:  
2023-03-17T05:04:14.462Z - debug:  
2023-03-17T05:04:14.462Z - debug:  
2023-03-17T05:04:14.463Z - debug:  
2023-03-17T05:04:14.463Z - debug:  
2023-03-17T05:04:14.992Z - debug:  
2023-03-17T05:06:51.109Z - debug:  
2023-03-17T05:07:08.486Z - debug:  
2023-03-17T05:07:08.486Z - debug:  
2023-03-17T05:07:19.480Z - info: Pages built
2023-03-17T05:07:20.959Z - info: Site data built
2023-03-17T05:07:20.959Z - info: Website generation complete! Total build time: 234.513s
2023-03-17T05:07:20.960Z - info: Build success!
2023-03-17T05:10:03.732Z - info: The website has been deployed at: https://nus-cs2103-ay2223s2.github.io/website
2023-03-17T05:13:25.486Z - info: Website generation started at 1:13:20 pm
2023-03-17T05:13:38.234Z - info: Building assets...
