2023-03-10T17:28:02.391Z - info: Website generation (lazy) started at 1:27:56 am
2023-03-10T17:28:14.723Z - info: Building assets...
2023-03-10T17:28:23.117Z - info: Assets built
2023-03-10T17:28:23.118Z - info: Generating landing page...
2023-03-10T17:28:24.439Z - info: Landing page built, other pages will be built as you navigate to them!
2023-03-10T17:28:25.518Z - info: Site data built
2023-03-10T17:28:25.518Z - info: Website generation (lazy) complete! Total build time: 28.568s
2023-03-10T17:28:26.470Z - info: Serving "C:\repos\nus-cs2103\cs2103-website-base\_site" at http://127.0.0.1:8080
2023-03-10T17:28:26.470Z - info: Press CTRL+C to stop ...
2023-03-10T17:30:44.119Z - info: Building C:\repos\nus-cs2103\cs2103-website-base\admin\index as some of its dependencies were changed since the last visit
2023-03-10T17:30:44.799Z - info: Site data built
2023-03-10T17:30:44.800Z - info: Lazy website regeneration complete! Total build time: 0.682s
2023-03-10T17:30:48.489Z - info: Building C:\repos\nus-cs2103\cs2103-website-base\admin\appendixG-CS2103R as some of its dependencies were changed since the last visit
2023-03-10T17:30:48.711Z - info: Site data built
2023-03-10T17:30:48.711Z - info: Lazy website regeneration complete! Total build time: 0.222s
2023-03-10T17:35:26.413Z - info: [1:35:26 am] Reload for file change: C:\repos\nus-cs2103\cs2103-website-base\admin\appendixG-CS2103R.md
2023-03-10T17:35:26.414Z - info: Synchronizing opened pages list before reload
2023-03-10T17:35:26.416Z - info: Current opened pages, from most-to-least recent:
2023-03-10T17:35:26.416Z - info: 1. admin/appendixG-CS2103R
2023-03-10T17:35:27.433Z - info: Rebuilding 1 pages
2023-03-10T17:35:27.593Z - info: Site data built
2023-03-10T17:35:27.593Z - info: Pages rebuilt
2023-03-10T17:35:27.594Z - info: Website regeneration complete! Total build time: 0.162s
2023-03-10T17:36:00.193Z - info: [1:36:00 am] Reload for file change: C:\repos\nus-cs2103\cs2103-website-base\admin\appendixG-CS2103R.md
2023-03-10T17:36:00.194Z - info: Synchronizing opened pages list before reload
2023-03-10T17:36:00.195Z - info: Current opened pages, from most-to-least recent:
2023-03-10T17:36:00.195Z - info: 1. admin/appendixG-CS2103R
2023-03-10T17:36:01.199Z - info: Rebuilding 1 pages
2023-03-10T17:36:01.354Z - info: Site data built
2023-03-10T17:36:01.356Z - info: Pages rebuilt
2023-03-10T17:36:01.357Z - info: Website regeneration complete! Total build time: 0.158s
2023-03-10T17:36:19.401Z - info: [1:36:19 am] Reload for file change: C:\repos\nus-cs2103\cs2103-website-base\admin\appendixG-CS2103R.md
2023-03-10T17:36:19.401Z - info: Synchronizing opened pages list before reload
2023-03-10T17:36:19.402Z - info: Current opened pages, from most-to-least recent:
2023-03-10T17:36:19.402Z - info: 1. admin/appendixG-CS2103R
2023-03-10T17:36:20.414Z - info: Rebuilding 1 pages
2023-03-10T17:36:20.548Z - info: Site data built
2023-03-10T17:36:20.548Z - info: Pages rebuilt
2023-03-10T17:36:20.548Z - info: Website regeneration complete! Total build time: 0.136s
2023-03-10T17:36:34.180Z - info: [1:36:34 am] Reload for file change: C:\repos\nus-cs2103\cs2103-website-base\admin\appendixG-CS2103R.md
2023-03-10T17:36:34.180Z - info: Synchronizing opened pages list before reload
2023-03-10T17:36:34.181Z - info: Current opened pages, from most-to-least recent:
2023-03-10T17:36:34.181Z - info: 1. admin/appendixG-CS2103R
2023-03-10T17:36:35.195Z - info: Rebuilding 1 pages
2023-03-10T17:36:35.389Z - info: Site data built
2023-03-10T17:36:35.389Z - info: Pages rebuilt
2023-03-10T17:36:35.389Z - info: Website regeneration complete! Total build time: 0.195s
2023-03-10T17:38:16.759Z - info: Website generation (lazy) started at 1:38:15 am
2023-03-10T17:38:28.062Z - info: Building assets...
2023-03-10T17:38:36.338Z - info: Assets built
2023-03-10T17:38:36.339Z - info: Generating landing page...
2023-03-10T17:38:37.551Z - info: Landing page built, other pages will be built as you navigate to them!
2023-03-10T17:38:38.548Z - info: Site data built
2023-03-10T17:38:38.549Z - info: Website generation (lazy) complete! Total build time: 23.54s
2023-03-10T17:38:39.461Z - info: Serving "C:\repos\nus-cs2103\cs2103-website-base\_site" at http://127.0.0.1:8080
2023-03-10T17:38:39.462Z - info: Press CTRL+C to stop ...
2023-03-10T17:38:39.998Z - info: [1:38:39 am] Reload for file change: C:\repos\nus-cs2103\cs2103-website-base\admin\appendixG-CS2103R.md
2023-03-10T17:38:39.999Z - info: Synchronizing opened pages list before reload
2023-03-10T17:38:40.000Z - info: No pages are currently opened
2023-03-10T17:38:41.446Z - info: Assets built
2023-03-10T17:38:48.588Z - info: [1:38:48 am] Reload for file change: C:\repos\nus-cs2103\cs2103-website-base\admin\appendixG-CS2103R.md
2023-03-10T17:38:48.588Z - info: Synchronizing opened pages list before reload
2023-03-10T17:38:48.589Z - info: Current opened pages, from most-to-least recent:
2023-03-10T17:38:48.589Z - info: 1. index
2023-03-10T17:38:51.917Z - info: Assets built
2023-03-10T17:38:54.033Z - info: Building C:\repos\nus-cs2103\cs2103-website-base\admin\appendixG-CS2103R as some of its dependencies were changed since the last visit
2023-03-10T17:38:57.384Z - info: Site data built
2023-03-10T17:38:57.385Z - info: Lazy website regeneration complete! Total build time: 3.352s
2023-03-10T17:39:44.690Z - info: [1:39:44 am] Reload for file change: C:\repos\nus-cs2103\cs2103-website-base\admin\appendixG-CS2103R.md
2023-03-10T17:39:44.691Z - info: Synchronizing opened pages list before reload
2023-03-10T17:39:44.691Z - info: Current opened pages, from most-to-least recent:
2023-03-10T17:39:44.691Z - info: 1. admin/appendixG-CS2103R
2023-03-10T17:39:44.692Z - info: 2. index
2023-03-10T17:39:45.704Z - info: Rebuilding 1 pages
2023-03-10T17:39:45.908Z - info: Site data built
2023-03-10T17:39:45.908Z - info: Pages rebuilt
2023-03-10T17:39:45.909Z - info: Website regeneration complete! Total build time: 0.205s
2023-03-10T17:40:05.011Z - info: [1:40:05 am] Reload for file change: C:\repos\nus-cs2103\cs2103-website-base\admin\appendixG-CS2103R.md
2023-03-10T17:40:05.011Z - info: Synchronizing opened pages list before reload
2023-03-10T17:40:05.012Z - info: Current opened pages, from most-to-least recent:
2023-03-10T17:40:05.012Z - info: 1. admin/appendixG-CS2103R
2023-03-10T17:40:05.012Z - info: 2. index
2023-03-10T17:40:06.028Z - info: Rebuilding 1 pages
2023-03-10T17:40:06.177Z - info: Site data built
2023-03-10T17:40:06.178Z - info: Pages rebuilt
2023-03-10T17:40:06.178Z - info: Website regeneration complete! Total build time: 0.151s
2023-03-10T17:40:20.455Z - info: [1:40:20 am] Reload for file change: C:\repos\nus-cs2103\cs2103-website-base\admin\appendixG-CS2103R.md
2023-03-10T17:40:20.456Z - info: Synchronizing opened pages list before reload
2023-03-10T17:40:20.456Z - info: Current opened pages, from most-to-least recent:
2023-03-10T17:40:20.456Z - info: 1. admin/appendixG-CS2103R
2023-03-10T17:40:20.457Z - info: 2. index
2023-03-10T17:40:21.470Z - info: Rebuilding 1 pages
2023-03-10T17:40:21.616Z - info: Site data built
2023-03-10T17:40:21.617Z - info: Pages rebuilt
2023-03-10T17:40:21.617Z - info: Website regeneration complete! Total build time: 0.148s
2023-03-10T17:40:28.671Z - info: [1:40:28 am] Reload for file change: C:\repos\nus-cs2103\cs2103-website-base\admin\appendixG-CS2103R.md
2023-03-10T17:40:28.671Z - info: Synchronizing opened pages list before reload
2023-03-10T17:40:28.672Z - info: Current opened pages, from most-to-least recent:
2023-03-10T17:40:28.673Z - info: 1. admin/appendixG-CS2103R
2023-03-10T17:40:28.673Z - info: 2. index
2023-03-10T17:40:29.684Z - info: Rebuilding 1 pages
2023-03-10T17:40:29.835Z - info: Site data built
2023-03-10T17:40:29.836Z - info: Pages rebuilt
2023-03-10T17:40:29.836Z - info: Website regeneration complete! Total build time: 0.154s
2023-03-10T17:41:26.980Z - info: Website generation started at 1:41:25 am
2023-03-10T17:41:37.597Z - info: Building assets...
