2023-04-16T06:42:26.324Z - info: Website generation (lazy) started at 2:42:21 pm
2023-04-16T06:42:38.301Z - info: Building assets...
2023-04-16T06:42:47.407Z - info: Assets built
2023-04-16T06:42:47.408Z - info: Generating landing page...
2023-04-16T06:42:48.454Z - info: Landing page built, other pages will be built as you navigate to them!
2023-04-16T06:42:49.528Z - info: Site data built
2023-04-16T06:42:49.529Z - info: Website generation (lazy) complete! Total build time: 27.693s
2023-04-16T06:42:50.405Z - info: Serving "C:\repos\nus-cs2103\cs2103-website-base\_site" at http://127.0.0.1:8080
2023-04-16T06:42:50.406Z - info: Press CTRL+C to stop ...
2023-04-16T06:43:53.718Z - info: Building C:\repos\nus-cs2103\cs2103-website-base\admin\tp-pe as some of its dependencies were changed since the last visit
2023-04-16T06:43:55.730Z - info: Site data built
2023-04-16T06:43:55.730Z - info: Lazy website regeneration complete! Total build time: 2.013s
2023-04-16T06:48:10.718Z - info: [2:48:10 pm] Reload for file change: C:\repos\nus-cs2103\cs2103-website-base\admin\tp-pe-fragment.md
2023-04-16T06:48:10.718Z - info: Synchronizing opened pages list before reload
2023-04-16T06:48:10.719Z - info: Current opened pages, from most-to-least recent:
2023-04-16T06:48:10.719Z - info: 1. admin/tp-pe
2023-04-16T06:48:11.724Z - info: Rebuilding 1 pages
2023-04-16T06:48:12.549Z - info: Site data built
2023-04-16T06:48:12.550Z - info: Pages rebuilt
2023-04-16T06:48:12.550Z - info: Website regeneration complete! Total build time: 0.828s
2023-04-16T06:49:59.118Z - info: [2:49:59 pm] Reload for file change: C:\repos\nus-cs2103\cs2103-website-base\admin\tp-pe-fragment.md
2023-04-16T06:49:59.119Z - info: Synchronizing opened pages list before reload
2023-04-16T06:49:59.119Z - info: Current opened pages, from most-to-least recent:
2023-04-16T06:49:59.119Z - info: 1. admin/tp-pe
2023-04-16T06:50:00.133Z - info: Rebuilding 1 pages
2023-04-16T06:50:01.102Z - info: Site data built
2023-04-16T06:50:01.103Z - info: Pages rebuilt
2023-04-16T06:50:01.103Z - info: Website regeneration complete! Total build time: 0.971s
2023-04-16T06:52:24.217Z - info: Website generation started at 2:52:21 pm
2023-04-16T06:52:36.631Z - info: Building assets...
2023-04-16T06:52:44.760Z - info: Assets built
2023-04-16T06:52:44.761Z - info: Generating pages...
2023-04-16T06:52:59.145Z - debug:  
2023-04-16T06:52:59.355Z - debug:  
2023-04-16T06:52:59.357Z - debug:  
2023-04-16T06:52:59.379Z - debug:  
2023-04-16T06:52:59.405Z - debug:  
2023-04-16T06:53:02.507Z - debug:  
2023-04-16T06:53:02.508Z - debug:  
2023-04-16T06:53:02.509Z - debug:  
2023-04-16T06:53:02.509Z - debug:  
2023-04-16T06:53:02.510Z - debug:  
2023-04-16T06:53:02.510Z - debug:  
2023-04-16T06:53:02.510Z - debug:  
2023-04-16T06:53:03.065Z - debug:  
2023-04-16T06:54:53.635Z - debug:  
2023-04-16T06:55:10.856Z - debug:  
2023-04-16T06:55:10.856Z - debug:  
2023-04-16T06:55:19.230Z - info: Pages built
2023-04-16T06:55:20.500Z - info: Site data built
2023-04-16T06:55:20.501Z - info: Website generation complete! Total build time: 178.587s
2023-04-16T06:55:20.501Z - info: Build success!
2023-04-16T07:01:41.176Z - info: The website has been deployed at: https://nus-cs2103-ay2223s2.github.io/website
