2023-03-03T03:31:47.790Z - info: Website generation (lazy) started at 11:31:35 am
2023-03-03T03:32:16.807Z - info: Building assets...
2023-03-03T03:32:34.479Z - info: Assets built
2023-03-03T03:32:34.480Z - info: Generating landing page...
2023-03-03T03:32:36.631Z - info: Landing page built, other pages will be built as you navigate to them!
2023-03-03T03:32:38.356Z - info: Site data built
2023-03-03T03:32:38.357Z - info: Website generation (lazy) complete! Total build time: 63.353s
2023-03-03T03:32:39.671Z - info: Serving "C:\repos\nus-cs2103\cs2103-website-base\_site" at http://127.0.0.1:8080
2023-03-03T03:32:39.672Z - info: Press CTRL+C to stop ...
2023-03-03T03:36:44.405Z - info: Building C:\repos\nus-cs2103\cs2103-website-base\schedule\week7\project as some of its dependencies were changed since the last visit
2023-03-03T03:36:49.680Z - info: Site data built
2023-03-03T03:36:49.681Z - info: Lazy website regeneration complete! Total build time: 5.276s
2023-03-03T03:44:12.993Z - info: [11:44:12 am] Reload for file change: C:\repos\nus-cs2103\cs2103-website-base\admin\tp-tasks-fragment.md
2023-03-03T03:44:12.993Z - info: Synchronizing opened pages list before reload
2023-03-03T03:44:12.994Z - info: Current opened pages, from most-to-least recent:
2023-03-03T03:44:12.995Z - info: 1. schedule/week7/project
2023-03-03T03:44:14.011Z - info: Rebuilding 1 pages
2023-03-03T03:44:16.518Z - info: Site data built
2023-03-03T03:44:16.518Z - info: Pages rebuilt
2023-03-03T03:44:16.519Z - info: Website regeneration complete! Total build time: 2.508s
2023-03-03T03:44:20.595Z - info: Building C:\repos\nus-cs2103\cs2103-website-base\schedule\week6\project as some of its dependencies were changed since the last visit
2023-03-03T03:44:22.702Z - info: Site data built
2023-03-03T03:44:22.702Z - info: Lazy website regeneration complete! Total build time: 2.107s
2023-03-03T03:47:09.447Z - info: [11:47:09 am] Reload for file change: C:\repos\nus-cs2103\cs2103-website-base\admin\tp-tasks-fragment.md
2023-03-03T03:47:09.447Z - info: Synchronizing opened pages list before reload
2023-03-03T03:47:09.448Z - info: Current opened pages, from most-to-least recent:
2023-03-03T03:47:09.448Z - info: 1. schedule/week6/project
2023-03-03T03:47:10.454Z - info: Rebuilding 1 pages
2023-03-03T03:47:12.910Z - info: Site data built
2023-03-03T03:47:12.911Z - info: Pages rebuilt
2023-03-03T03:47:12.911Z - info: Website regeneration complete! Total build time: 2.457s
2023-03-03T03:47:53.394Z - info: [11:47:53 am] Reload for file change: C:\repos\nus-cs2103\cs2103-website-base\admin\tp-tasks-fragment.md
2023-03-03T03:47:53.395Z - info: Synchronizing opened pages list before reload
2023-03-03T03:47:53.396Z - info: Current opened pages, from most-to-least recent:
2023-03-03T03:47:53.396Z - info: 1. schedule/week6/project
2023-03-03T03:47:54.412Z - info: Rebuilding 1 pages
2023-03-03T03:47:56.754Z - info: Site data built
2023-03-03T03:47:56.754Z - info: Pages rebuilt
2023-03-03T03:47:56.755Z - info: Website regeneration complete! Total build time: 2.343s
2023-03-03T03:48:33.891Z - info: [11:48:33 am] Reload for file change: C:\repos\nus-cs2103\cs2103-website-base\admin\tp-tasks-fragment.md
2023-03-03T03:48:33.892Z - info: Synchronizing opened pages list before reload
2023-03-03T03:48:33.892Z - info: Current opened pages, from most-to-least recent:
2023-03-03T03:48:33.893Z - info: 1. schedule/week6/project
2023-03-03T03:48:34.903Z - info: Rebuilding 1 pages
2023-03-03T03:48:38.036Z - info: Site data built
2023-03-03T03:48:38.036Z - info: Pages rebuilt
2023-03-03T03:48:38.036Z - info: Website regeneration complete! Total build time: 3.135s
2023-03-03T03:50:01.835Z - info: [11:50:01 am] Reload for file change: C:\repos\nus-cs2103\cs2103-website-base\admin\tp-expectations.md
2023-03-03T03:50:01.836Z - info: Synchronizing opened pages list before reload
2023-03-03T03:50:01.836Z - info: Current opened pages, from most-to-least recent:
2023-03-03T03:50:01.836Z - info: 1. schedule/week6/project
2023-03-03T03:50:02.856Z - info: Rebuilding 1 pages
2023-03-03T03:50:05.929Z - info: Site data built
2023-03-03T03:50:05.930Z - info: Pages rebuilt
2023-03-03T03:50:05.930Z - info: Website regeneration complete! Total build time: 3.075s
2023-03-03T03:50:32.527Z - info: [11:50:32 am] Reload for file change: C:\repos\nus-cs2103\cs2103-website-base\admin\tp-tasks-fragment.md
2023-03-03T03:50:32.527Z - info: Synchronizing opened pages list before reload
2023-03-03T03:50:32.528Z - info: Current opened pages, from most-to-least recent:
2023-03-03T03:50:32.528Z - info: 1. schedule/week6/project
2023-03-03T03:50:33.534Z - info: Rebuilding 1 pages
2023-03-03T03:50:35.963Z - info: Site data built
2023-03-03T03:50:35.963Z - info: Pages rebuilt
2023-03-03T03:50:35.964Z - info: Website regeneration complete! Total build time: 2.43s
2023-03-03T03:52:02.721Z - info: [11:52:02 am] Reload for file change: C:\repos\nus-cs2103\cs2103-website-base\admin\tp-tasks-fragment.md
2023-03-03T03:52:02.722Z - info: Synchronizing opened pages list before reload
2023-03-03T03:52:02.722Z - info: Current opened pages, from most-to-least recent:
2023-03-03T03:52:02.723Z - info: 1. schedule/week6/project
2023-03-03T03:52:03.737Z - info: Rebuilding 1 pages
2023-03-03T03:52:06.794Z - info: Site data built
2023-03-03T03:52:06.794Z - info: Pages rebuilt
2023-03-03T03:52:06.794Z - info: Website regeneration complete! Total build time: 3.058s
2023-03-03T03:52:53.075Z - info: [11:52:53 am] Reload for file change: C:\repos\nus-cs2103\cs2103-website-base\admin\tp-tasks-fragment.md
2023-03-03T03:52:53.075Z - info: Synchronizing opened pages list before reload
2023-03-03T03:52:53.076Z - info: Current opened pages, from most-to-least recent:
2023-03-03T03:52:53.077Z - info: 1. schedule/week6/project
2023-03-03T03:52:54.091Z - info: Rebuilding 1 pages
2023-03-03T03:52:56.955Z - info: Site data built
2023-03-03T03:52:56.956Z - info: Pages rebuilt
2023-03-03T03:52:56.956Z - info: Website regeneration complete! Total build time: 2.866s
2023-03-03T03:53:02.125Z - info: [11:53:02 am] Reload for file change: C:\repos\nus-cs2103\cs2103-website-base\admin\tp-tasks-fragment.md
2023-03-03T03:53:02.126Z - info: Synchronizing opened pages list before reload
2023-03-03T03:53:02.126Z - info: Current opened pages, from most-to-least recent:
2023-03-03T03:53:02.126Z - info: 1. schedule/week6/project
2023-03-03T03:53:03.142Z - info: Rebuilding 1 pages
2023-03-03T03:53:05.272Z - info: Site data built
2023-03-03T03:53:05.273Z - info: Pages rebuilt
2023-03-03T03:53:05.273Z - info: Website regeneration complete! Total build time: 2.132s
2023-03-03T03:53:11.865Z - info: [11:53:11 am] Reload for file change: C:\repos\nus-cs2103\cs2103-website-base\admin\tp-tasks-fragment.md
2023-03-03T03:53:11.866Z - info: Synchronizing opened pages list before reload
2023-03-03T03:53:11.866Z - info: Current opened pages, from most-to-least recent:
2023-03-03T03:53:11.867Z - info: 1. schedule/week6/project
2023-03-03T03:53:12.871Z - info: Rebuilding 1 pages
2023-03-03T03:53:14.759Z - info: Site data built
2023-03-03T03:53:14.759Z - info: Pages rebuilt
2023-03-03T03:53:14.760Z - info: Website regeneration complete! Total build time: 1.89s
2023-03-03T03:55:54.788Z - info: [11:55:54 am] Reload for file change: C:\repos\nus-cs2103\cs2103-website-base\admin\tp-tasks-fragment.md
2023-03-03T03:55:54.789Z - info: Synchronizing opened pages list before reload
2023-03-03T03:55:54.789Z - info: Current opened pages, from most-to-least recent:
2023-03-03T03:55:54.790Z - info: 1. schedule/week6/project
2023-03-03T03:55:55.799Z - info: Rebuilding 1 pages
2023-03-03T03:55:57.850Z - info: Site data built
2023-03-03T03:55:57.851Z - info: Pages rebuilt
2023-03-03T03:55:57.851Z - info: Website regeneration complete! Total build time: 2.053s
2023-03-03T03:56:19.682Z - info: [11:56:19 am] Reload for file change: C:\repos\nus-cs2103\cs2103-website-base\admin\tp-tasks-fragment.md
2023-03-03T03:56:19.682Z - info: Synchronizing opened pages list before reload
2023-03-03T03:56:19.683Z - info: Current opened pages, from most-to-least recent:
2023-03-03T03:56:19.683Z - info: 1. schedule/week6/project
2023-03-03T03:56:20.691Z - info: Rebuilding 1 pages
2023-03-03T03:56:22.765Z - info: Site data built
2023-03-03T03:56:22.766Z - info: Pages rebuilt
2023-03-03T03:56:22.766Z - info: Website regeneration complete! Total build time: 2.076s
2023-03-03T03:57:33.961Z - info: Website generation started at 11:57:32 am
2023-03-03T03:57:47.274Z - info: Building assets...
