2023-02-16T17:27:50.128Z - info: Website generation started at 1:27:47 am
2023-02-16T17:28:03.755Z - info: Building assets...
2023-02-16T17:28:11.285Z - info: Assets built
2023-02-16T17:28:11.286Z - info: Generating pages...
2023-02-16T17:28:23.811Z - debug:  
2023-02-16T17:28:27.258Z - debug:  
2023-02-16T17:28:27.259Z - debug:  
2023-02-16T17:28:27.259Z - debug:  
2023-02-16T17:28:27.260Z - debug:  
2023-02-16T17:28:27.261Z - debug:  
2023-02-16T17:28:27.261Z - debug:  
2023-02-16T17:28:27.262Z - debug:  
2023-02-16T17:28:27.262Z - debug:  
2023-02-16T17:28:27.262Z - debug:  
2023-02-16T17:28:27.263Z - debug:  
2023-02-16T17:28:27.263Z - debug:  
2023-02-16T17:28:27.479Z - debug:  
2023-02-16T17:30:49.898Z - debug:  
2023-02-16T17:31:03.533Z - debug:  
2023-02-16T17:31:03.533Z - debug:  
2023-02-16T17:31:11.941Z - info: Pages built
2023-02-16T17:31:13.128Z - info: Site data built
2023-02-16T17:31:13.128Z - info: Website generation complete! Total build time: 205.143s
2023-02-16T17:31:13.128Z - info: Build success!
2023-02-16T17:33:47.985Z - info: The website has been deployed at: https://nus-cs2103-ay2223s2.github.io/website
2023-02-17T08:39:26.446Z - info: Website generation started at 4:39:19 pm
2023-02-17T08:39:40.454Z - info: Building assets...
