2023-04-08T04:23:31.238Z - info: Website generation (lazy) started at 12:23:26 pm
2023-04-08T04:23:42.079Z - info: Building assets...
2023-04-08T04:23:51.243Z - info: Assets built
2023-04-08T04:23:51.244Z - info: Generating landing page...
2023-04-08T04:23:52.300Z - info: Landing page built, other pages will be built as you navigate to them!
2023-04-08T04:23:53.353Z - info: Site data built
2023-04-08T04:23:53.353Z - info: Website generation (lazy) complete! Total build time: 26.79s
2023-04-08T04:23:54.183Z - info: Serving "C:\repos\nus-cs2103\cs2103-website-base\_site" at http://127.0.0.1:8080
2023-04-08T04:23:54.183Z - info: Press CTRL+C to stop ...
2023-04-08T04:24:05.962Z - info: Building C:\repos\nus-cs2103\cs2103-website-base\admin\tp-pe as some of its dependencies were changed since the last visit
2023-04-08T04:24:13.430Z - info: Site data built
2023-04-08T04:24:13.431Z - info: Lazy website regeneration complete! Total build time: 7.468s
2023-04-08T04:24:37.820Z - info: [12:24:37 pm] Reload for file change: C:\repos\nus-cs2103\cs2103-website-base\admin\tp-pe-fragment.md
2023-04-08T04:24:37.821Z - info: Synchronizing opened pages list before reload
2023-04-08T04:24:37.821Z - info: Current opened pages, from most-to-least recent:
2023-04-08T04:24:37.822Z - info: 1. admin/tp-pe
2023-04-08T04:24:38.833Z - info: Rebuilding 1 pages
2023-04-08T04:24:39.857Z - info: Site data built
2023-04-08T04:24:39.858Z - info: Pages rebuilt
2023-04-08T04:24:39.859Z - info: Website regeneration complete! Total build time: 1.026s
2023-04-08T04:25:12.041Z - info: [12:25:12 pm] Reload for file change: C:\repos\nus-cs2103\cs2103-website-base\admin\tp-pe-fragment.md
2023-04-08T04:25:12.043Z - info: Synchronizing opened pages list before reload
2023-04-08T04:25:12.044Z - info: Current opened pages, from most-to-least recent:
2023-04-08T04:25:12.044Z - info: 1. admin/tp-pe
2023-04-08T04:25:13.069Z - info: Rebuilding 1 pages
2023-04-08T04:25:13.834Z - info: Site data built
2023-04-08T04:25:13.834Z - info: Pages rebuilt
2023-04-08T04:25:13.834Z - info: Website regeneration complete! Total build time: 0.767s
2023-04-08T04:28:15.751Z - info: Building C:\repos\nus-cs2103\cs2103-website-base\admin\tp-grading as some of its dependencies were changed since the last visit
2023-04-08T04:28:16.610Z - info: Site data built
2023-04-08T04:28:16.610Z - info: Lazy website regeneration complete! Total build time: 0.86s
2023-04-08T04:28:45.691Z - info: Website generation started at 12:28:43 pm
2023-04-08T04:28:56.868Z - info: Building assets...
